2020-11-30T13:25:17.392Z error: password authentication failed for user "OhadProjects"
2020-11-30T13:25:17.394Z error: Cannot connect to db. this could be fatal
2020-11-30T13:25:35.200Z error: password authentication failed for user "OhadDev"
2020-11-30T13:25:35.202Z error: Cannot connect to db. this could be fatal
2020-11-30T13:27:01.212Z error: password authentication failed for user "OhadDev"
2020-11-30T13:27:01.213Z error: Cannot connect to db. this could be fatal
2020-11-30T13:27:33.302Z error: password authentication failed for user "OhadDev"
2020-11-30T13:27:33.303Z error: Cannot connect to db. this could be fatal
2020-11-30T13:28:04.241Z error: password authentication failed for user "OhadProjects"
2020-11-30T13:28:04.242Z error: Cannot connect to db. this could be fatal
2020-11-30T13:30:10.451Z error: password authentication failed for user "OhadDev"
2020-11-30T13:30:10.452Z error: Cannot connect to db. this could be fatal
2020-11-30T13:31:00.383Z error: password authentication failed for user "OhadProjects"
2020-11-30T13:31:00.384Z error: Cannot connect to db. this could be fatal
2020-11-30T13:32:55.342Z error: password authentication failed for user "OhadProjects"
2020-11-30T13:32:55.343Z error: Cannot connect to db. this could be fatal
2020-11-30T13:33:34.995Z error: password authentication failed for user "OhadProjects"
2020-11-30T13:33:34.996Z error: Cannot connect to db. this could be fatal
2020-12-31T17:19:37.559Z error: database "dafdef" does not exist
2020-12-31T17:19:37.563Z error: Cannot connect to db. this could be fatal
2021-01-01T10:03:38.711Z error: error authenticating jwt
2021-01-01T10:03:38.715Z error: no data
2021-01-01T13:28:51.871Z error: no pg_hba.conf entry for host "31.168.179.190", user "nrvuwnpbpjouuo", database "d6i4r0c4nhpjc0", SSL off
2021-01-01T13:28:51.873Z error: Cannot connect to db. this could be fatal
2021-01-01T13:42:04.891Z error: no pg_hba.conf entry for host "31.168.179.190", user "nrvuwnpbpjouuo", database "d6i4r0c4nhpjc0", SSL off
2021-01-01T13:42:04.892Z error: Cannot connect to db. this could be fatal
2021-01-01T14:29:39.468Z error: no pg_hba.conf entry for host "31.168.179.190", user "nrvuwnpbpjouuo", database "d6i4r0c4nhpjc0", SSL off
2021-01-01T14:29:39.470Z error: Cannot connect to db. this could be fatal
2021-01-01T14:35:46.212Z error: no pg_hba.conf entry for host "31.168.179.190", user "nrvuwnpbpjouuo", database "d6i4r0c4nhpjc0", SSL off
2021-01-01T14:35:46.213Z error: Cannot connect to db. this could be fatal
2021-01-01T15:03:33.654Z error: no pg_hba.conf entry for host "31.168.179.190", user "nrvuwnpbpjouuo", database "d6i4r0c4nhpjc0", SSL off
2021-01-01T15:03:33.655Z error: Cannot connect to db. this could be fatal
2021-01-01T15:18:26.461Z error: no pg_hba.conf entry for host "31.168.179.190", user "nrvuwnpbpjouuo", database "d6i4r0c4nhpjc0", SSL off
2021-01-01T15:18:26.463Z error: Cannot connect to db. this could be fatal
2021-01-01T15:30:11.707Z error: no pg_hba.conf entry for host "31.168.179.190", user "nrvuwnpbpjouuo", database "d6i4r0c4nhpjc0", SSL off
2021-01-01T15:30:11.709Z error: Cannot connect to db. this could be fatal
2021-01-01T15:44:12.900Z error: no pg_hba.conf entry for host "31.168.179.190", user "nrvuwnpbpjouuo", database "d6i4r0c4nhpjc0", SSL off
2021-01-01T15:44:12.901Z error: Cannot connect to db. this could be fatal
2021-01-01T16:24:15.769Z error: no pg_hba.conf entry for host "31.168.179.190", user "nrvuwnpbpjouuo", database "d6i4r0c4nhpjc0", SSL off
2021-01-01T16:24:15.773Z error: Cannot connect to db. this could be fatal
2021-01-01T16:41:16.958Z error: no pg_hba.conf entry for host "31.168.179.190", user "nrvuwnpbpjouuo", database "d6i4r0c4nhpjc0", SSL off
2021-01-01T16:41:16.960Z error: Cannot connect to db. this could be fatal
2021-01-01T16:43:50.571Z error: no pg_hba.conf entry for host "31.168.179.190", user "nrvuwnpbpjouuo", database "d6i4r0c4nhpjc0", SSL off
2021-01-01T16:43:50.574Z error: Cannot connect to db. this could be fatal
2021-01-01T17:06:55.785Z error: no pg_hba.conf entry for host "31.168.179.190", user "nrvuwnpbpjouuo", database "d6i4r0c4nhpjc0", SSL off
2021-01-01T17:06:55.787Z error: Cannot connect to db. this could be fatal
2021-01-01T17:09:41.684Z error: no pg_hba.conf entry for host "31.168.179.190", user "nrvuwnpbpjouuo", database "d6i4r0c4nhpjc0", SSL off
2021-01-01T17:09:41.686Z error: Cannot connect to db. this could be fatal
2021-01-01T17:10:48.515Z error: no pg_hba.conf entry for host "31.168.179.190", user "nrvuwnpbpjouuo", database "d6i4r0c4nhpjc0", SSL off
2021-01-01T17:10:48.517Z error: Cannot connect to db. this could be fatal
2021-01-01T17:11:30.111Z error: self signed certificate
2021-01-01T17:11:30.114Z error: Cannot connect to db. this could be fatal
2021-01-01T17:18:15.845Z error: User wasn't found
2021-01-01T17:18:15.846Z error: No user with idd62a2740-4b91-11eb-9004-b5f6df672d95
2021-01-01T17:18:15.853Z error: error authenticating jwt
2021-01-01T17:18:15.854Z error: no data
2021-01-01T17:19:27.995Z error: User wasn't found
2021-01-01T17:19:27.996Z error: No user with idd62a2740-4b91-11eb-9004-b5f6df672d95
2021-01-01T17:19:28.002Z error: error authenticating jwt
2021-01-01T17:19:28.002Z error: no data
2021-01-01T17:20:00.711Z error: User wasn't found
2021-01-01T17:20:00.711Z error: No user with idd62a2740-4b91-11eb-9004-b5f6df672d95
2021-01-01T17:20:00.712Z error: error authenticating jwt
2021-01-01T17:20:00.713Z error: no data
2021-01-01T17:20:18.293Z error: User wasn't found
2021-01-01T17:20:18.294Z error: No user with idd62a2740-4b91-11eb-9004-b5f6df672d95
2021-01-01T17:20:18.296Z error: error authenticating jwt
2021-01-01T17:20:18.297Z error: no data
2021-01-01T17:22:25.705Z error: User wasn't found
2021-01-01T17:22:25.706Z error: No user with idd62a2740-4b91-11eb-9004-b5f6df672d95
2021-01-01T17:22:25.715Z error: error authenticating jwt
2021-01-01T17:22:25.716Z error: no data
2021-01-01T17:24:35.739Z error: User wasn't found
2021-01-01T17:24:35.740Z error: No user with id22fd5be0-4c56-11eb-8d42-8b31df85253b
2021-01-01T17:24:35.741Z error: error authenticating jwt
2021-01-01T17:24:35.741Z error: no data
2021-01-01T17:25:38.979Z error: User wasn't found
2021-01-01T17:25:38.981Z error: No user with id37847c60-4c56-11eb-a412-8105b82438e3
2021-01-01T17:25:38.982Z error: error authenticating jwt
2021-01-01T17:25:38.983Z error: no data
2021-01-01T17:27:33.120Z error: User wasn't found
2021-01-01T17:27:33.121Z error: No user with id55de69f0-4c56-11eb-9dfb-8db210452e52
2021-01-01T17:27:33.132Z error: error authenticating jwt
2021-01-01T17:27:33.132Z error: no data
2021-01-01T17:27:51.981Z error: User wasn't found
2021-01-01T17:27:51.983Z error: No user with id55de69f0-4c56-11eb-9dfb-8db210452e52
2021-01-01T17:27:51.985Z error: error authenticating jwt
2021-01-01T17:27:51.986Z error: no data
2021-01-02T00:40:13.881Z error: connect ECONNREFUSED 52.48.65.240:8096
2021-01-02T00:40:13.882Z error: Cannot connect to db. this could be fatal
2021-01-02T08:46:06.794Z error: The server does not support SSL connections
2021-01-02T08:46:06.796Z error: Cannot connect to db. this could be fatal
2021-01-02T08:46:14.742Z error: The server does not support SSL connections
2021-01-02T08:46:14.743Z error: Cannot connect to db. this could be fatal
2021-01-02T08:46:49.123Z error: The server does not support SSL connections
2021-01-02T08:46:49.124Z error: Cannot connect to db. this could be fatal
2021-01-02T08:55:33.326Z error: The server does not support SSL connections
2021-01-02T08:55:33.327Z error: Cannot connect to db. this could be fatal
2021-01-02T15:55:24.352Z error: User wasn't found
2021-01-02T15:55:24.353Z error: No user with id9d9051a0-4cd8-11eb-a42f-559c6d22980c
2021-01-02T15:55:24.360Z error: error authenticating jwt
2021-01-02T15:55:24.360Z error: no data
2021-01-02T15:56:28.625Z error: User wasn't found
2021-01-02T15:56:28.626Z error: No user with id9d9051a0-4cd8-11eb-a42f-559c6d22980c
2021-01-02T15:56:28.626Z error: error authenticating jwt
2021-01-02T15:56:28.627Z error: no data
2021-01-02T17:13:05.118Z error: User wasn't found
2021-01-02T17:13:05.120Z error: No user with id9d9051a0-4cd8-11eb-a42f-559c6d22980c
2021-01-02T17:13:05.128Z error: error authenticating jwt
2021-01-02T17:13:05.128Z error: no data
2021-01-02T17:13:24.545Z error: User wasn't found
2021-01-02T17:13:24.545Z error: No user with id9d9051a0-4cd8-11eb-a42f-559c6d22980c
2021-01-02T17:13:24.547Z error: error authenticating jwt
2021-01-02T17:13:24.549Z error: no data
2021-01-02T17:13:31.830Z error: User wasn't found
2021-01-02T17:13:31.831Z error: No user with id9d9051a0-4cd8-11eb-a42f-559c6d22980c
2021-01-02T17:13:31.831Z error: error authenticating jwt
2021-01-02T17:13:31.832Z error: no data
2021-01-02T17:13:39.644Z error: User wasn't found
2021-01-02T17:13:39.644Z error: No user with id9d9051a0-4cd8-11eb-a42f-559c6d22980c
2021-01-02T17:13:39.645Z error: error authenticating jwt
2021-01-02T17:13:39.645Z error: no data
2021-01-02T17:13:48.689Z error: User wasn't found
2021-01-02T17:13:48.689Z error: No user with id9d9051a0-4cd8-11eb-a42f-559c6d22980c
2021-01-02T17:13:48.690Z error: error authenticating jwt
2021-01-02T17:13:48.690Z error: no data
2021-01-02T17:13:59.259Z error: User wasn't found
2021-01-02T17:13:59.259Z error: No user with id9d9051a0-4cd8-11eb-a42f-559c6d22980c
2021-01-02T17:13:59.260Z error: error authenticating jwt
2021-01-02T17:13:59.260Z error: no data
2021-01-02T17:14:41.394Z error: User wasn't found
2021-01-02T17:14:41.394Z error: No user with id9d9051a0-4cd8-11eb-a42f-559c6d22980c
2021-01-02T17:14:41.395Z error: error authenticating jwt
2021-01-02T17:14:41.396Z error: no data
2021-01-02T17:14:49.491Z error: User wasn't found
2021-01-02T17:14:49.492Z error: No user with id9d9051a0-4cd8-11eb-a42f-559c6d22980c
2021-01-02T17:14:49.493Z error: error authenticating jwt
2021-01-02T17:14:49.493Z error: no data
2021-01-02T17:14:59.449Z error: User wasn't found
2021-01-02T17:14:59.450Z error: No user with id9d9051a0-4cd8-11eb-a42f-559c6d22980c
2021-01-02T17:14:59.451Z error: error authenticating jwt
2021-01-02T17:14:59.451Z error: no data
2021-01-02T17:15:37.682Z error: User wasn't found
2021-01-02T17:15:37.682Z error: No user with id9d9051a0-4cd8-11eb-a42f-559c6d22980c
2021-01-02T17:15:37.683Z error: error authenticating jwt
2021-01-02T17:15:37.683Z error: no data
2021-01-07T07:04:35.810Z error: password authentication failed for user "OhadDev"
2021-01-07T07:04:35.811Z error: Cannot connect to db. this could be fatal
2021-01-07T07:07:36.222Z error: Entity metadata for TvShow#country was not found. Check if you specified a correct entity object and if it's connected in the connection options.
2021-01-07T07:07:36.223Z error: Cannot connect to db. this could be fatal
2021-01-08T14:51:24.999Z error: column "startTime" contains null values
2021-01-08T14:51:25.000Z error: Cannot connect to db. this could be fatal
2021-01-08T14:56:14.389Z error: column "startHour" contains null values
2021-01-08T14:56:14.391Z error: Cannot connect to db. this could be fatal
2021-01-08T14:56:29.785Z error: column "startHour" contains null values
2021-01-08T14:56:29.786Z error: Cannot connect to db. this could be fatal
2021-01-08T14:57:02.025Z error: column "startHour" contains null values
2021-01-08T14:57:02.026Z error: Cannot connect to db. this could be fatal
2021-01-08T15:24:20.199Z error: Data type "Array" in "TvShow.day" is not supported by "postgres" database.
2021-01-08T15:24:20.200Z error: Cannot connect to db. this could be fatal
2021-01-08T16:01:58.153Z error: Data type "Array" in "TvShow.day" is not supported by "postgres" database.
2021-01-08T16:01:58.154Z error: Cannot connect to db. this could be fatal
2021-01-08T16:02:23.092Z error: Data type "Array" in "TvShow.day" is not supported by "postgres" database.
2021-01-08T16:02:23.093Z error: Cannot connect to db. this could be fatal
2021-01-08T16:02:37.279Z error: Data type "Array" in "TvShow.day" is not supported by "postgres" database.
2021-01-08T16:02:37.280Z error: Cannot connect to db. this could be fatal
2021-01-09T10:06:40.032Z error: column "startHour" contains null values
2021-01-09T10:06:40.034Z error: Cannot connect to db. this could be fatal
2021-01-09T10:21:06.433Z error: invalid input syntax for type timestamp: "18:00"
2021-01-09T10:21:06.435Z error: Cannot connect to db. this could be fatal
2021-01-10T15:38:57.147Z error: User wasn't found
2021-01-10T15:38:57.149Z error: No user with id89453120-5359-11eb-9fc7-bd91b2ef7acc
2021-01-10T15:38:57.153Z error: error authenticating jwt
2021-01-10T15:38:57.153Z error: no data
2021-01-10T15:43:53.758Z error: User wasn't found
2021-01-10T15:43:53.758Z error: No user with id89453120-5359-11eb-9fc7-bd91b2ef7acc
2021-01-10T15:43:53.768Z error: error authenticating jwt
2021-01-10T15:43:53.768Z error: no data
2021-01-10T15:45:11.942Z error: User wasn't found
2021-01-10T15:45:11.942Z error: No user with id89453120-5359-11eb-9fc7-bd91b2ef7acc
2021-01-10T15:45:11.948Z error: error authenticating jwt
2021-01-10T15:45:11.949Z error: no data
2021-01-10T15:48:11.026Z error: User wasn't found
2021-01-10T15:48:11.029Z error: No user with id89453120-5359-11eb-9fc7-bd91b2ef7acc
2021-01-10T15:48:11.031Z error: error authenticating jwt
2021-01-10T15:48:11.031Z error: no data
2021-01-10T15:49:26.556Z error: User wasn't found
2021-01-10T15:49:26.556Z error: No user with id89453120-5359-11eb-9fc7-bd91b2ef7acc
2021-01-10T15:49:26.557Z error: error authenticating jwt
2021-01-10T15:49:26.557Z error: no data
2021-01-10T15:50:33.783Z error: User wasn't found
2021-01-10T15:50:33.783Z error: No user with id89453120-5359-11eb-9fc7-bd91b2ef7acc
2021-01-10T15:50:33.784Z error: error authenticating jwt
2021-01-10T15:50:33.785Z error: no data
2021-01-10T15:51:03.177Z error: User wasn't found
2021-01-10T15:51:03.177Z error: No user with id89453120-5359-11eb-9fc7-bd91b2ef7acc
2021-01-10T15:51:03.178Z error: error authenticating jwt
2021-01-10T15:51:03.178Z error: no data
2021-01-10T15:52:54.339Z error: User wasn't found
2021-01-10T15:52:54.340Z error: No user with id89453120-5359-11eb-9fc7-bd91b2ef7acc
2021-01-10T15:52:54.341Z error: error authenticating jwt
2021-01-10T15:52:54.341Z error: no data
2021-01-10T16:02:32.425Z error: User wasn't found
2021-01-10T16:02:32.426Z error: No user with id89453120-5359-11eb-9fc7-bd91b2ef7acc
2021-01-10T16:02:32.427Z error: error authenticating jwt
2021-01-10T16:02:32.427Z error: no data
2021-01-10T16:03:53.617Z error: User wasn't found
2021-01-10T16:03:53.619Z error: No user with id89453120-5359-11eb-9fc7-bd91b2ef7acc
2021-01-10T16:03:53.620Z error: error authenticating jwt
2021-01-10T16:03:53.620Z error: no data
2021-01-10T16:04:40.057Z error: User wasn't found
2021-01-10T16:04:40.057Z error: No user with id89453120-5359-11eb-9fc7-bd91b2ef7acc
2021-01-10T16:04:40.058Z error: error authenticating jwt
2021-01-10T16:04:40.058Z error: no data
2021-01-10T16:08:45.663Z error: User wasn't found
2021-01-10T16:08:45.664Z error: No user with id89453120-5359-11eb-9fc7-bd91b2ef7acc
2021-01-10T16:08:45.664Z error: error authenticating jwt
2021-01-10T16:08:45.665Z error: no data
2021-01-10T16:10:31.908Z error: User wasn't found
2021-01-10T16:10:31.908Z error: No user with id89453120-5359-11eb-9fc7-bd91b2ef7acc
2021-01-10T16:10:31.909Z error: error authenticating jwt
2021-01-10T16:10:31.910Z error: no data
2021-01-10T17:48:17.758Z error: User wasn't found
2021-01-10T17:48:17.758Z error: No user with id89453120-5359-11eb-9fc7-bd91b2ef7acc
2021-01-10T17:48:17.771Z error: error authenticating jwt
2021-01-10T17:48:17.771Z error: no data
2021-01-10T18:15:10.719Z error: User wasn't found
2021-01-10T18:15:10.720Z error: No user with id89453120-5359-11eb-9fc7-bd91b2ef7acc
2021-01-10T18:15:10.726Z error: error authenticating jwt
2021-01-10T18:15:10.726Z error: no data
2021-01-10T18:16:03.875Z error: User wasn't found
2021-01-10T18:16:03.875Z error: No user with id89453120-5359-11eb-9fc7-bd91b2ef7acc
2021-01-10T18:16:03.876Z error: error authenticating jwt
2021-01-10T18:16:03.876Z error: no data
2021-01-10T18:16:42.734Z error: User wasn't found
2021-01-10T18:16:42.734Z error: No user with id89453120-5359-11eb-9fc7-bd91b2ef7acc
2021-01-10T18:16:42.735Z error: error authenticating jwt
2021-01-10T18:16:42.735Z error: no data
2021-01-10T18:17:43.325Z error: User wasn't found
2021-01-10T18:17:43.326Z error: No user with id89453120-5359-11eb-9fc7-bd91b2ef7acc
2021-01-10T18:17:43.327Z error: error authenticating jwt
2021-01-10T18:17:43.327Z error: no data
2021-01-10T18:19:13.979Z error: User wasn't found
2021-01-10T18:19:13.980Z error: No user with id89453120-5359-11eb-9fc7-bd91b2ef7acc
2021-01-10T18:19:13.981Z error: error authenticating jwt
2021-01-10T18:19:13.981Z error: no data
2021-01-10T18:21:36.901Z error: User wasn't found
2021-01-10T18:21:36.902Z error: No user with id89453120-5359-11eb-9fc7-bd91b2ef7acc
2021-01-10T18:21:36.903Z error: error authenticating jwt
2021-01-10T18:21:36.903Z error: no data
2021-01-10T18:23:34.499Z error: User wasn't found
2021-01-10T18:23:34.500Z error: No user with id89453120-5359-11eb-9fc7-bd91b2ef7acc
2021-01-10T18:23:34.508Z error: error authenticating jwt
2021-01-10T18:23:34.509Z error: no data
2021-01-10T18:27:53.657Z error: User wasn't found
2021-01-10T18:27:53.659Z error: No user with id89453120-5359-11eb-9fc7-bd91b2ef7acc
2021-01-10T18:27:53.665Z error: error authenticating jwt
2021-01-10T18:27:53.665Z error: no data
2021-01-10T19:14:40.324Z error: User wasn't found
2021-01-10T19:14:40.324Z error: No user with id89453120-5359-11eb-9fc7-bd91b2ef7acc
2021-01-10T19:14:40.331Z error: error authenticating jwt
2021-01-10T19:14:40.332Z error: no data
2021-01-10T19:15:11.888Z error: User wasn't found
2021-01-10T19:15:11.888Z error: No user with id89453120-5359-11eb-9fc7-bd91b2ef7acc
2021-01-10T19:15:11.889Z error: error authenticating jwt
2021-01-10T19:15:11.889Z error: no data
2021-01-10T19:17:48.216Z error: User wasn't found
2021-01-10T19:17:48.216Z error: No user with id89453120-5359-11eb-9fc7-bd91b2ef7acc
2021-01-10T19:17:48.222Z error: error authenticating jwt
2021-01-10T19:17:48.223Z error: no data
2021-01-10T19:19:35.216Z error: User wasn't found
2021-01-10T19:19:35.217Z error: No user with id89453120-5359-11eb-9fc7-bd91b2ef7acc
2021-01-10T19:19:35.223Z error: error authenticating jwt
2021-01-10T19:19:35.224Z error: no data
2021-01-10T19:23:51.554Z error: User wasn't found
2021-01-10T19:23:51.555Z error: No user with id89453120-5359-11eb-9fc7-bd91b2ef7acc
2021-01-10T19:23:51.561Z error: error authenticating jwt
2021-01-10T19:23:51.561Z error: no data
2021-01-10T19:26:45.879Z error: User wasn't found
2021-01-10T19:26:45.880Z error: No user with id89453120-5359-11eb-9fc7-bd91b2ef7acc
2021-01-10T19:26:45.881Z error: error authenticating jwt
2021-01-10T19:26:45.881Z error: no data
2021-01-10T19:28:51.843Z error: User wasn't found
2021-01-10T19:28:51.843Z error: No user with id89453120-5359-11eb-9fc7-bd91b2ef7acc
2021-01-10T19:28:51.849Z error: error authenticating jwt
2021-01-10T19:28:51.850Z error: no data
2021-01-10T19:43:41.597Z error: User wasn't found
2021-01-10T19:43:41.597Z error: No user with id89453120-5359-11eb-9fc7-bd91b2ef7acc
2021-01-10T19:43:41.604Z error: error authenticating jwt
2021-01-10T19:43:41.604Z error: no data
2021-01-10T19:47:34.339Z error: User wasn't found
2021-01-10T19:47:34.340Z error: No user with id89453120-5359-11eb-9fc7-bd91b2ef7acc
2021-01-10T19:47:34.346Z error: error authenticating jwt
2021-01-10T19:47:34.346Z error: no data
2021-01-10T19:49:30.735Z error: User wasn't found
2021-01-10T19:49:30.735Z error: No user with id89453120-5359-11eb-9fc7-bd91b2ef7acc
2021-01-10T19:49:30.736Z error: error authenticating jwt
2021-01-10T19:49:30.736Z error: no data
2021-01-10T19:57:49.456Z error: User wasn't found
2021-01-10T19:57:49.456Z error: No user with id89453120-5359-11eb-9fc7-bd91b2ef7acc
2021-01-10T19:57:49.457Z error: error authenticating jwt
2021-01-10T19:57:49.457Z error: no data
2021-01-10T19:59:22.096Z error: User wasn't found
2021-01-10T19:59:22.097Z error: No user with id89453120-5359-11eb-9fc7-bd91b2ef7acc
2021-01-10T19:59:22.098Z error: error authenticating jwt
2021-01-10T19:59:22.099Z error: no data
2021-01-10T20:01:38.398Z error: User wasn't found
2021-01-10T20:01:38.398Z error: No user with id89453120-5359-11eb-9fc7-bd91b2ef7acc
2021-01-10T20:01:38.399Z error: error authenticating jwt
2021-01-10T20:01:38.399Z error: no data
2021-01-10T20:03:14.623Z error: User wasn't found
2021-01-10T20:03:14.624Z error: No user with id89453120-5359-11eb-9fc7-bd91b2ef7acc
2021-01-10T20:03:14.625Z error: error authenticating jwt
2021-01-10T20:03:14.625Z error: no data
2021-01-10T20:06:06.765Z error: User wasn't found
2021-01-10T20:06:06.765Z error: No user with id89453120-5359-11eb-9fc7-bd91b2ef7acc
2021-01-10T20:06:06.766Z error: error authenticating jwt
2021-01-10T20:06:06.766Z error: no data
2021-01-10T20:09:10.651Z error: User wasn't found
2021-01-10T20:09:10.652Z error: No user with id89453120-5359-11eb-9fc7-bd91b2ef7acc
2021-01-10T20:09:10.653Z error: error authenticating jwt
2021-01-10T20:09:10.653Z error: no data
2021-01-10T20:11:58.268Z error: User wasn't found
2021-01-10T20:11:58.268Z error: No user with id89453120-5359-11eb-9fc7-bd91b2ef7acc
2021-01-10T20:11:58.269Z error: error authenticating jwt
2021-01-10T20:11:58.270Z error: no data
2021-01-10T20:14:27.432Z error: User wasn't found
2021-01-10T20:14:27.433Z error: No user with id89453120-5359-11eb-9fc7-bd91b2ef7acc
2021-01-10T20:14:27.434Z error: error authenticating jwt
2021-01-10T20:14:27.434Z error: no data
2021-01-10T20:15:48.885Z error: User wasn't found
2021-01-10T20:15:48.886Z error: No user with id89453120-5359-11eb-9fc7-bd91b2ef7acc
2021-01-10T20:15:48.892Z error: error authenticating jwt
2021-01-10T20:15:48.892Z error: no data
2021-01-10T20:19:48.933Z error: User wasn't found
2021-01-10T20:19:48.933Z error: No user with id89453120-5359-11eb-9fc7-bd91b2ef7acc
2021-01-10T20:19:48.934Z error: error authenticating jwt
2021-01-10T20:19:48.935Z error: no data
2021-01-10T20:24:37.169Z error: User wasn't found
2021-01-10T20:26:07.661Z error: User wasn't found
2021-01-10T20:26:07.661Z error: No user with id89453120-5359-11eb-9fc7-bd91b2ef7acc
2021-01-10T20:26:07.668Z error: error authenticating jwt
2021-01-10T20:26:07.669Z error: no data
2021-01-10T20:29:40.860Z error: User wasn't found
2021-01-10T20:29:40.861Z error: No user with id89453120-5359-11eb-9fc7-bd91b2ef7acc
2021-01-10T20:29:40.872Z error: error authenticating jwt
2021-01-10T20:29:40.873Z error: no data
2021-01-10T20:31:03.436Z error: User wasn't found
2021-01-10T20:31:03.437Z error: No user with id89453120-5359-11eb-9fc7-bd91b2ef7acc
2021-01-10T20:31:03.438Z error: error authenticating jwt
2021-01-10T20:31:03.438Z error: no data
2021-01-12T17:35:26.804Z error: User wasn't found
2021-01-12T17:35:26.808Z error: No user with idc2f5a340-54f9-11eb-857d-73fe2bb2519f
2021-01-12T17:35:26.836Z error: error authenticating jwt
2021-01-12T17:35:26.837Z error: no data
2021-01-12T17:48:04.209Z error: User wasn't found
2021-01-12T17:48:04.210Z error: No user with idc2f5a340-54f9-11eb-857d-73fe2bb2519f
2021-01-12T17:48:04.216Z error: error authenticating jwt
2021-01-12T17:48:04.217Z error: no data
2021-01-12T17:54:02.323Z error: User wasn't found
2021-01-12T17:54:02.324Z error: No user with idc2f5a340-54f9-11eb-857d-73fe2bb2519f
2021-01-12T17:54:02.331Z error: error authenticating jwt
2021-01-12T17:54:02.332Z error: no data
2021-01-12T17:56:17.691Z error: User wasn't found
2021-01-12T17:56:17.691Z error: No user with idc2f5a340-54f9-11eb-857d-73fe2bb2519f
2021-01-12T17:56:17.692Z error: error authenticating jwt
2021-01-12T17:56:17.693Z error: no data
2021-01-12T17:57:13.275Z error: User wasn't found
2021-01-12T17:57:13.275Z error: No user with idc2f5a340-54f9-11eb-857d-73fe2bb2519f
2021-01-12T17:57:13.276Z error: error authenticating jwt
2021-01-12T17:57:13.277Z error: no data
2021-01-12T19:06:29.657Z error: User wasn't found
2021-01-12T19:06:29.658Z error: No user with id41d55a20-5509-11eb-abac-8f2b41222f4a
2021-01-12T19:06:29.665Z error: error authenticating jwt
2021-01-12T19:06:29.665Z error: no data
2021-01-12T19:23:30.694Z error: User wasn't found
2021-01-12T19:23:30.694Z error: No user with idbb56cd30-54f9-11eb-90c7-5556e18e81bc
2021-01-12T19:23:30.695Z error: error authenticating jwt
2021-01-12T19:23:30.696Z error: no data
2021-01-12T19:26:07.152Z error: User wasn't found
2021-01-12T19:26:07.155Z error: No user with idbb56cd30-54f9-11eb-90c7-5556e18e81bc
2021-01-12T19:26:07.158Z error: error authenticating jwt
2021-01-12T19:26:07.159Z error: no data
2021-01-12T19:27:10.273Z error: User wasn't found
2021-01-12T19:27:10.273Z error: No user with idbb56cd30-54f9-11eb-90c7-5556e18e81bc
2021-01-12T19:27:10.274Z error: error authenticating jwt
2021-01-12T19:27:10.275Z error: no data
2021-01-12T19:28:01.480Z error: User wasn't found
2021-01-12T19:28:01.481Z error: No user with idbb56cd30-54f9-11eb-90c7-5556e18e81bc
2021-01-12T19:28:01.482Z error: error authenticating jwt
2021-01-12T19:28:01.482Z error: no data
2021-01-14T06:46:43.888Z error: User wasn't found
2021-01-14T06:46:43.889Z error: No user with idbb56cd30-54f9-11eb-90c7-5556e18e81bc
2021-01-14T06:46:43.901Z error: error authenticating jwt
2021-01-14T06:46:43.901Z error: no data
2021-01-14T06:47:51.238Z error: User wasn't found
2021-01-14T06:47:51.239Z error: No user with idbb56cd30-54f9-11eb-90c7-5556e18e81bc
2021-01-14T06:47:51.240Z error: error authenticating jwt
2021-01-14T06:47:51.240Z error: no data
2021-01-14T06:48:22.824Z error: User wasn't found
2021-01-14T06:48:22.825Z error: No user with idbb56cd30-54f9-11eb-90c7-5556e18e81bc
2021-01-14T06:48:22.825Z error: error authenticating jwt
2021-01-14T06:48:22.826Z error: no data
2021-01-14T06:51:45.634Z error: User wasn't found
2021-01-14T06:51:45.636Z error: No user with idbb56cd30-54f9-11eb-90c7-5556e18e81bc
2021-01-14T06:51:45.638Z error: error authenticating jwt
2021-01-14T06:51:45.639Z error: no data
2021-01-14T06:54:00.482Z error: User wasn't found
2021-01-14T06:54:00.482Z error: No user with idbb56cd30-54f9-11eb-90c7-5556e18e81bc
2021-01-14T06:54:00.483Z error: error authenticating jwt
2021-01-14T06:54:00.483Z error: no data
2021-01-14T06:55:36.701Z error: User wasn't found
2021-01-14T06:55:36.701Z error: No user with idbb56cd30-54f9-11eb-90c7-5556e18e81bc
2021-01-14T06:55:36.702Z error: error authenticating jwt
2021-01-14T06:55:36.703Z error: no data
2021-01-14T06:56:43.663Z error: User wasn't found
2021-01-14T06:56:43.664Z error: No user with idbb56cd30-54f9-11eb-90c7-5556e18e81bc
2021-01-14T06:56:43.665Z error: error authenticating jwt
2021-01-14T06:56:43.665Z error: no data
2021-01-14T06:59:50.638Z error: User wasn't found
2021-01-14T06:59:50.638Z error: No user with idbb56cd30-54f9-11eb-90c7-5556e18e81bc
2021-01-14T06:59:50.644Z error: error authenticating jwt
2021-01-14T06:59:50.645Z error: no data
2021-01-14T07:02:38.657Z error: User wasn't found
2021-01-14T07:02:38.657Z error: No user with idbb56cd30-54f9-11eb-90c7-5556e18e81bc
2021-01-14T07:02:38.658Z error: error authenticating jwt
2021-01-14T07:02:38.659Z error: no data
2021-01-14T07:06:29.313Z error: User wasn't found
2021-01-14T07:06:29.313Z error: No user with idbb56cd30-54f9-11eb-90c7-5556e18e81bc
2021-01-14T07:06:29.323Z error: error authenticating jwt
2021-01-14T07:06:29.324Z error: no data
2021-01-14T07:08:09.977Z error: User wasn't found
2021-01-14T07:08:09.977Z error: No user with idbb56cd30-54f9-11eb-90c7-5556e18e81bc
2021-01-14T07:08:09.978Z error: error authenticating jwt
2021-01-14T07:08:09.979Z error: no data
2021-01-14T07:12:15.803Z error: User wasn't found
2021-01-14T07:12:15.805Z error: No user with idbb56cd30-54f9-11eb-90c7-5556e18e81bc
2021-01-14T07:12:15.813Z error: error authenticating jwt
2021-01-14T07:12:15.814Z error: no data
2021-01-14T07:13:46.607Z error: User wasn't found
2021-01-14T07:13:46.608Z error: No user with idbb56cd30-54f9-11eb-90c7-5556e18e81bc
2021-01-14T07:13:46.609Z error: error authenticating jwt
2021-01-14T07:13:46.609Z error: no data
2021-01-14T17:08:54.853Z error: User wasn't found
2021-01-14T17:08:54.854Z error: No user with idbb56cd30-54f9-11eb-90c7-5556e18e81bc
2021-01-14T17:08:54.860Z error: error authenticating jwt
2021-01-14T17:08:54.860Z error: no data
2021-01-14T17:10:46.581Z error: User wasn't found
2021-01-14T17:10:46.582Z error: No user with idbb56cd30-54f9-11eb-90c7-5556e18e81bc
2021-01-14T17:10:46.588Z error: error authenticating jwt
2021-01-14T17:10:46.589Z error: no data
2021-01-14T17:22:10.238Z error: User wasn't found
2021-01-14T17:22:10.238Z error: No user with idbb56cd30-54f9-11eb-90c7-5556e18e81bc
2021-01-14T17:22:10.245Z error: error authenticating jwt
2021-01-14T17:22:10.245Z error: no data
2021-01-14T17:26:56.876Z error: User wasn't found
2021-01-14T17:26:56.877Z error: No user with idbb56cd30-54f9-11eb-90c7-5556e18e81bc
2021-01-14T17:26:56.883Z error: error authenticating jwt
2021-01-14T17:26:56.883Z error: no data
2021-01-14T17:27:53.420Z error: User wasn't found
2021-01-14T17:27:53.422Z error: No user with idbb56cd30-54f9-11eb-90c7-5556e18e81bc
2021-01-14T17:27:53.429Z error: error authenticating jwt
2021-01-14T17:27:53.429Z error: no data
2021-01-14T17:29:27.371Z error: User wasn't found
2021-01-14T17:29:27.371Z error: No user with idbb56cd30-54f9-11eb-90c7-5556e18e81bc
2021-01-14T17:29:27.379Z error: error authenticating jwt
2021-01-14T17:29:27.379Z error: no data
2021-01-14T17:30:16.337Z error: User wasn't found
2021-01-14T17:30:16.337Z error: No user with idbb56cd30-54f9-11eb-90c7-5556e18e81bc
2021-01-14T17:30:16.345Z error: error authenticating jwt
2021-01-14T17:30:16.345Z error: no data
2021-01-14T17:38:21.369Z error: User wasn't found
2021-01-14T17:39:59.087Z error: User wasn't found
2021-01-14T17:39:59.087Z error: No user with idbb56cd30-54f9-11eb-90c7-5556e18e81bc
2021-01-14T17:39:59.094Z error: error authenticating jwt
2021-01-14T17:39:59.094Z error: no data
2021-01-17T18:31:51.832Z error: User wasn't found
2021-01-17T18:31:51.833Z error: No user with id517a7d60-57f8-11eb-8822-3179cea73988
2021-01-17T18:31:51.848Z error: error authenticating jwt
2021-01-17T18:31:51.849Z error: no data
2021-04-20T15:16:53.815Z error: Unauthorized User
2021-04-20T15:16:53.820Z error: UnAuthorized
2021-04-20T15:33:01.067Z error: error authenticating jwt
2021-04-20T15:33:01.073Z error: no data
2021-04-20T15:33:25.723Z error: error authenticating jwt
2021-04-20T15:33:25.728Z error: no data
2021-04-20T15:35:30.335Z error: error authenticating jwt
2021-04-20T15:35:30.343Z error: no data
2021-04-20T15:36:19.213Z error: error authenticating jwt
2021-04-20T15:36:19.221Z error: no data
2021-04-20T15:36:49.159Z error: error authenticating jwt
2021-04-20T15:36:49.165Z error: no data
2021-04-20T15:38:29.431Z error: error authenticating jwt
2021-04-20T15:38:29.438Z error: no data
2021-04-20T15:38:41.629Z error: error authenticating jwt
2021-04-20T15:38:41.636Z error: no data
2021-04-20T15:39:28.227Z error: error authenticating jwt
2021-04-20T15:39:28.235Z error: no data
2021-04-20T15:42:22.068Z error: error authenticating jwt
2021-04-20T15:42:22.074Z error: no data
2021-04-22T13:02:43.530Z error: error authenticating jwt
2021-04-22T13:02:43.535Z error: no data
2021-04-22T13:03:06.573Z error: error authenticating jwt
2021-04-22T13:03:06.579Z error: no data
2021-04-22T13:04:24.533Z error: error authenticating jwt
2021-04-22T13:04:24.539Z error: no data
2021-04-22T13:05:42.690Z error: error authenticating jwt
2021-04-22T13:05:42.692Z error: no data
2021-04-22T13:07:40.385Z error: error authenticating jwt
2021-04-22T13:07:40.388Z error: no data
2021-04-22T13:07:49.986Z error: error authenticating jwt
2021-04-22T13:07:49.988Z error: no data
2021-04-22T13:10:24.116Z error: error authenticating jwt
2021-04-22T13:10:24.119Z error: no data
2021-04-22T14:51:28.763Z error: error authenticating jwt
2021-04-22T14:51:28.778Z error: no data
2021-06-09T17:48:32.674Z error: Wrong code
2021-06-09T17:48:32.689Z error: Cannot verify sms
